Sub Table 1 : hrm_emp_designation_td updated Successfully


Sub Table 2 : hrm_emp_probation_tb updated Successfully


Sub Table 3 : hrm_emp_status_td updated Successfully


Sub Table 4 : hrm_emp_type_tb updated Successfully


Sub Table 5 : hrm_general_configure_td updated Successfully


Sub Table 6 : hrm_leave_type_tb updated Successfully


Sub Table 7 : hrm_post_job_td updated Successfully


Sub Table 8 : hrm_privilege_td updated Successfully


Sub Table 9 : hrm_table_fields_td updated Successfully


Sub Table 10 : payroll_salary_tb updated Successfully


Sub Table 11 : payroll_temp updated Successfully


Sub Table 12 : performance_appraisal updated Successfully


Sub Table 13 : performance_kpi updated Successfully


Sub Table 14 : performance_review updated Successfully


Sub Table 15 : hrm_department_td updated Successfully


Sub Table 16 : hrm_department_td updated Successfully


Sub Table 17 : hrm_emp_grade_tb updated Successfully


Sub Table 18 : hrm_emp_group_td updated Successfully


Sub Table 19 : payroll_paygrade updated Successfully


Sub Table 20 : hrm_emp_exp_td updated Successfully


Sub Table 21 : hrm_document_map_td updated Successfully


Sub Table 22 : hrm_expuploadmap_td updated Successfully


Sub Table 1 : hrm_emp_designation_td updated Successfully


Sub Table 2 : hrm_emp_probation_tb updated Successfully


Sub Table 3 : hrm_emp_status_td updated Successfully


Sub Table 4 : hrm_emp_type_tb updated Successfully


Sub Table 5 : hrm_general_configure_td updated Successfully


Sub Table 6 : hrm_leave_type_tb updated Successfully


Sub Table 7 : hrm_post_job_td updated Successfully


Sub Table 8 : hrm_privilege_td updated Successfully


Sub Table 9 : hrm_table_fields_td updated Successfully


Sub Table 10 : payroll_salary_tb updated Successfully


Sub Table 11 : payroll_temp updated Successfully


Sub Table 12 : performance_appraisal updated Successfully


Sub Table 13 : performance_kpi updated Successfully


Sub Table 14 : performance_review updated Successfully


Sub Table 15 : hrm_department_td updated Successfully


Sub Table 16 : hrm_department_td updated Successfully


Sub Table 17 : hrm_emp_grade_tb updated Successfully


Sub Table 18 : hrm_emp_group_td updated Successfully


Sub Table 19 : payroll_paygrade updated Successfully


Sub Table 20 : hrm_emp_exp_td updated Successfully


Sub Table 21 : hrm_document_map_td updated Successfully


Sub Table 22 : hrm_expuploadmap_td updated Successfully


Sub Table 1 : hrm_emp_designation_td updated Successfully


Sub Table 2 : hrm_emp_probation_tb updated Successfully


Sub Table 3 : hrm_emp_status_td updated Successfully


Sub Table 4 : hrm_emp_type_tb updated Successfully


Sub Table 5 : hrm_general_configure_td updated Successfully


Sub Table 6 : hrm_leave_type_tb updated Successfully


Sub Table 7 : hrm_post_job_td updated Successfully


Sub Table 8 : hrm_privilege_td updated Successfully


Sub Table 9 : hrm_table_fields_td updated Successfully


Sub Table 10 : payroll_salary_tb updated Successfully


Sub Table 11 : payroll_temp updated Successfully


Sub Table 12 : performance_appraisal updated Successfully


Sub Table 13 : performance_kpi updated Successfully


Sub Table 14 : performance_review updated Successfully


Sub Table 15 : hrm_department_td updated Successfully


Sub Table 16 : hrm_department_td updated Successfully


Sub Table 17 : hrm_emp_grade_tb updated Successfully


Sub Table 18 : hrm_emp_group_td updated Successfully


Sub Table 19 : payroll_paygrade updated Successfully


Sub Table 20 : hrm_emp_exp_td updated Successfully


Sub Table 21 : hrm_document_map_td updated Successfully


Sub Table 22 : hrm_expuploadmap_td updated Successfully


