Sub Table 1 : hrm_document_map_td migrated Successfully
Sub Table 2 : hrm_expense_history_process migrated Successfully
Sub Table 3 : hrm_expense_approvelist_process migrated Successfully
Sub Table 4 : hrm_emp_exp_td migrated Successfully
Sub Table 5 : emp_leave_type_td migrated Successfully
Sub Table 6 : events_tb migrated Successfully
Sub Table 7 : event_map_tb migrated Successfully
Sub Table 8 : hrm_applicant_history_process migrated Successfully
Sub Table 9 : hrm_applicant_td migrated Successfully
Sub Table 10 : hrm_client_tb migrated Successfully
Sub Table 11 : hrm_company_td migrated Successfully
Sub Table 12 : hrm_custom_msg migrated Successfully
Sub Table 13 : hrm_department_td migrated Successfully
Sub Table 15 : hrm_document_td migrated Successfully
Sub Table 16 : hrm_empdiscount_tb migrated Successfully
Sub Table 17 : hrm_employee_td migrated Successfully
Sub Table 18 : hrm_emp_checklist migrated Successfully
Sub Table 19 : hrm_emp_contact_td migrated Successfully
Sub Table 20 : hrm_emp_descriptionexp_td migrated Successfully
Sub Table 22 : hrm_emp_education_td migrated Successfully
Sub Table 23 : hrm_emp_experience_tb migrated Successfully
Sub Table 24 : hrm_emp_family_tb migrated Successfully
Sub Table 25 : hrm_emp_leave_bal_tb migrated Successfully
Sub Table 26 : hrm_emp_leave_td migrated Successfully
Sub Table 27 : hrm_emp_leave_td1 migrated Successfully
Sub Table 28 : hrm_emp_login_tb migrated Successfully
Sub Table 29 : hrm_emp_official_info_tb migrated Successfully
Sub Table 30 : hrm_emp_personal_bank_detail_tb migrated Successfully
Sub Table 31 : hrm_emp_personal_details_td migrated Successfully
Sub Table 32 : hrm_emp_probation_tb migrated Successfully
Sub Table 33 : hrm_emp_reliving_info migrated Successfully
Sub Table 34 : hrm_emp_reporting_td migrated Successfully
Sub Table 35 : hrm_emp_shop_addcart migrated Successfully
Sub Table 36 : hrm_emp_shop_product migrated Successfully
Sub Table 37 : hrm_emp_status_map_td migrated Successfully
Sub Table 38 : hrm_emp_status_td migrated Successfully
Sub Table 39 : hrm_emp_timesheet migrated Successfully
Sub Table 40 : hrm_eventsnewletter_tb migrated Successfully
Sub Table 41 : hrm_expuploadmap_td migrated Successfully
Sub Table 42 : hrm_general_configure_td migrated Successfully
Sub Table 43 : hrm_group_privilege_td migrated Successfully
Sub Table 44 : hrm_holiday_list_td migrated Successfully
Sub Table 45 : hrm_interview_process_td migrated Successfully
Sub Table 46 : hrm_leave_type_rule migrated Successfully
Sub Table 47 : hrm_leave_type_tb migrated Successfully
Sub Table 48 : hrm_notification_setting_tb migrated Successfully
Sub Table 49 : hrm_notification_tb migrated Successfully
Sub Table 50 : hrm_payroll_td migrated Successfully
Sub Table 51 : hrm_personal_meta_td migrated Successfully
Sub Table 52 : hrm_post_job_td migrated Successfully
Sub Table 53 : hrm_privilege_map_td migrated Successfully
Sub Table 54 : hrm_privilege_td migrated Successfully
Sub Table 55 : hrm_project_map_tb migrated Successfully
Sub Table 56 : hrm_project_task_tb migrated Successfully
Sub Table 57 : hrm_project_tb migrated Successfully
Sub Table 58 : hrm_settings_tb migrated Successfully
Sub Table 59 : hrm_shift_map_td migrated Successfully
Sub Table 60 : hrm_shift_td migrated Successfully
Sub Table 61 : hrm_table_fields_td migrated Successfully
Sub Table 62 : hrm_work_shifts migrated Successfully
Sub Table 63 : organization_tree_tb migrated Successfully
Sub Table 64 : payroll_allowance_tb migrated Successfully
Sub Table 65 : payroll_deduction_tb migrated Successfully
Sub Table 66 : payroll_salary_tb migrated Successfully
Sub Table 67 : payroll_temp migrated Successfully
Sub Table 68 : performance_appraisal migrated Successfully
Sub Table 69 : performance_kpi migrated Successfully
Sub Table 70 : performance_review migrated Successfully
Sub Table 71 : religion_tb migrated Successfully
Sub Table 72 : state_tb1 migrated Successfully
Sub Table 73 : tree_parent_tb migrated Successfully
Sub Table 74 : hrm_setting_fields_tb migrated Successfully
Sub Table 75 : payroll_paygrade migrated Successfully
Sub Table 76 : hrm_emp_group_td migrated Successfully
Sub Table 77 : hrm_emp_type_tb migrated Successfully
Sub Table 78 : hrm_group_fields_td migrated Successfully
Sub Table 79 : hrm_emp_grade_tb migrated Successfully
Sub Table 80 : hrm_common_table migrated Successfully
Sub Table 84 : hrm_category_tb migrated Successfully
Sub Table 85 : hrm_emp_shop_category migrated Successfully
Sub Table 1 : hrm_document_map_td migrated Successfully
Sub Table 2 : hrm_expense_history_process migrated Successfully
Sub Table 3 : hrm_expense_approvelist_process migrated Successfully
Sub Table 4 : hrm_emp_exp_td migrated Successfully
Sub Table 5 : emp_leave_type_td migrated Successfully
Sub Table 6 : events_tb migrated Successfully
Sub Table 7 : event_map_tb migrated Successfully
Sub Table 8 : hrm_applicant_history_process migrated Successfully
Sub Table 9 : hrm_applicant_td migrated Successfully
Sub Table 10 : hrm_client_tb migrated Successfully
Sub Table 11 : hrm_company_td migrated Successfully
Sub Table 12 : hrm_custom_msg migrated Successfully
Sub Table 13 : hrm_department_td migrated Successfully
Sub Table 15 : hrm_document_td migrated Successfully
Sub Table 16 : hrm_empdiscount_tb migrated Successfully
Sub Table 17 : hrm_employee_td migrated Successfully
Sub Table 18 : hrm_emp_checklist migrated Successfully
Sub Table 19 : hrm_emp_contact_td migrated Successfully
Sub Table 20 : hrm_emp_descriptionexp_td migrated Successfully
Sub Table 22 : hrm_emp_education_td migrated Successfully
Sub Table 23 : hrm_emp_experience_tb migrated Successfully
Sub Table 24 : hrm_emp_family_tb migrated Successfully
Sub Table 25 : hrm_emp_leave_bal_tb migrated Successfully
Sub Table 26 : hrm_emp_leave_td migrated Successfully
Sub Table 27 : hrm_emp_leave_td1 migrated Successfully
Sub Table 28 : hrm_emp_login_tb migrated Successfully
Sub Table 29 : hrm_emp_official_info_tb migrated Successfully
Sub Table 30 : hrm_emp_personal_bank_detail_tb migrated Successfully
Sub Table 31 : hrm_emp_personal_details_td migrated Successfully
Sub Table 32 : hrm_emp_probation_tb migrated Successfully
Sub Table 33 : hrm_emp_reliving_info migrated Successfully
Sub Table 34 : hrm_emp_reporting_td migrated Successfully
Sub Table 35 : hrm_emp_shop_addcart migrated Successfully
Sub Table 36 : hrm_emp_shop_product migrated Successfully
Sub Table 37 : hrm_emp_status_map_td migrated Successfully
Sub Table 38 : hrm_emp_status_td migrated Successfully
Sub Table 39 : hrm_emp_timesheet migrated Successfully
Sub Table 40 : hrm_eventsnewletter_tb migrated Successfully
Sub Table 41 : hrm_expuploadmap_td migrated Successfully
Sub Table 42 : hrm_general_configure_td migrated Successfully
Sub Table 43 : hrm_group_privilege_td migrated Successfully
Sub Table 44 : hrm_holiday_list_td migrated Successfully
Sub Table 45 : hrm_interview_process_td migrated Successfully
Sub Table 46 : hrm_leave_type_rule migrated Successfully
Sub Table 47 : hrm_leave_type_tb migrated Successfully
Sub Table 48 : hrm_notification_setting_tb migrated Successfully
Sub Table 49 : hrm_notification_tb migrated Successfully
Sub Table 50 : hrm_payroll_td migrated Successfully
Sub Table 51 : hrm_personal_meta_td migrated Successfully
Sub Table 52 : hrm_post_job_td migrated Successfully
Sub Table 53 : hrm_privilege_map_td migrated Successfully
Sub Table 54 : hrm_privilege_td migrated Successfully
Sub Table 55 : hrm_project_map_tb migrated Successfully
Sub Table 56 : hrm_project_task_tb migrated Successfully
Sub Table 57 : hrm_project_tb migrated Successfully
Sub Table 58 : hrm_settings_tb migrated Successfully
Sub Table 59 : hrm_shift_map_td migrated Successfully
Sub Table 60 : hrm_shift_td migrated Successfully
Sub Table 61 : hrm_table_fields_td migrated Successfully
Sub Table 62 : hrm_work_shifts migrated Successfully
Sub Table 63 : organization_tree_tb migrated Successfully
Sub Table 64 : payroll_allowance_tb migrated Successfully
Sub Table 65 : payroll_deduction_tb migrated Successfully
Sub Table 66 : payroll_salary_tb migrated Successfully
Sub Table 67 : payroll_temp migrated Successfully
Sub Table 68 : performance_appraisal migrated Successfully
Sub Table 69 : performance_kpi migrated Successfully
Sub Table 70 : performance_review migrated Successfully
Sub Table 71 : religion_tb migrated Successfully
Sub Table 72 : state_tb1 migrated Successfully
Sub Table 73 : tree_parent_tb migrated Successfully
Sub Table 74 : hrm_setting_fields_tb migrated Successfully
Sub Table 75 : payroll_paygrade migrated Successfully
Sub Table 76 : hrm_emp_group_td migrated Successfully
Sub Table 77 : hrm_emp_type_tb migrated Successfully
Sub Table 78 : hrm_group_fields_td migrated Successfully
Sub Table 79 : hrm_emp_grade_tb migrated Successfully
Sub Table 80 : hrm_common_table migrated Successfully
Sub Table 84 : hrm_category_tb migrated Successfully
Sub Table 85 : hrm_emp_shop_category migrated Successfully
