temp_fobesshrm_stage - Query12 :  not executed  Unknown column ' designation_depth' in 'hrm_emp_designation_td'
temp_fobesshrm_stage - Query1 :  not executed  Table 'hrm_expense_approvelist_process' already exists
temp_fobesshrm_stage - Query2 :  not executed  Multiple primary key defined
temp_fobesshrm_stage - Query4 :  not executed  Duplicate column name 'emp_apply_leave_lop'
temp_fobesshrm_stage - Query5 :  not executed  Table 'hrm_expense_history_process' already exists
temp_fobesshrm_stage - Query6 :  not executed  Multiple primary key defined
temp_fobesshrm_stage - Query10 :  not executed  Duplicate column name 'finance_notification'
temp_fobesshrm_stage - Query11 :  not executed  Duplicate column name 'field_expense_limit'
temp_fobesshrm_stage - Query12 :  not executed  Unknown column ' designation_depth' in 'hrm_emp_designation_td'
temp_fobesshrm_stage - Query13 :  not executed  Duplicate column name 'hrm_version'
temp_fobesshrm_stage - Query14 :  not executed  Duplicate column name 'leave_bal_det'
temp_fobesshrm_stage - Query15 :  not executed  Duplicate column name 'leave_mon_up'
temp_fobesshrm_stage - Query16 :  not executed  Duplicate column name 'category_flag'
temp_fobesshrm_stage - Query12 :  not executed  Unknown column ' designation_depth' in 'hrm_emp_designation_td'
temp_fobesshrm_stage - Query12 :  not executed  Unknown column ' designation_depth' in 'hrm_emp_designation_td'
temp_fobesshrm_stage - Query1 :  not executed  Table 'hrm_expense_approvelist_process' already exists
temp_fobesshrm_stage - Query2 :  not executed  Multiple primary key defined
temp_fobesshrm_stage - Query4 :  not executed  Duplicate column name 'emp_apply_leave_lop'
temp_fobesshrm_stage - Query5 :  not executed  Table 'hrm_expense_history_process' already exists
temp_fobesshrm_stage - Query6 :  not executed  Multiple primary key defined
temp_fobesshrm_stage - Query10 :  not executed  Duplicate column name 'finance_notification'
temp_fobesshrm_stage - Query11 :  not executed  Duplicate column name 'field_expense_limit'
temp_fobesshrm_stage - Query12 :  not executed  Unknown column ' designation_depth' in 'hrm_emp_designation_td'
temp_fobesshrm_stage - Query13 :  not executed  Duplicate column name 'hrm_version'
temp_fobesshrm_stage - Query14 :  not executed  Duplicate column name 'leave_bal_det'
temp_fobesshrm_stage - Query15 :  not executed  Duplicate column name 'leave_mon_up'
temp_fobesshrm_stage - Query16 :  not executed  Duplicate column name 'category_flag'
