Table hrm_settings_tb not deleted Successfully No database selected
Table hrm_expense_history_process not deleted Successfully No database selected
Table hrm_expense_approvelist_process not deleted Successfully No database selected
Table hrm_emp_exp_td not deleted Successfully No database selected
Table emp_leave_type_td not deleted Successfully No database selected
Table events_tb not deleted Successfully No database selected
Table event_map_tb not deleted Successfully No database selected
Table hrm_applicant_history_process not deleted Successfully No database selected
Table hrm_applicant_td not deleted Successfully No database selected
Table hrm_client_tb not deleted Successfully No database selected
Table hrm_company_td not deleted Successfully No database selected
Table hrm_custom_msg not deleted Successfully No database selected
Table hrm_document_map_td not deleted Successfully No database selected
Table hrm_document_td not deleted Successfully No database selected
Table hrm_empdiscount_tb not deleted Successfully No database selected
Table hrm_employee_td not deleted Successfully No database selected
Table hrm_emp_checklist not deleted Successfully No database selected
Table hrm_emp_contact_td not deleted Successfully No database selected
Table hrm_emp_descriptionexp_td not deleted Successfully No database selected
Table hrm_emp_education_td not deleted Successfully No database selected
Table hrm_emp_experience_tb not deleted Successfully No database selected
Table hrm_emp_family_tb not deleted Successfully No database selected
Table hrm_emp_leave_bal_tb not deleted Successfully No database selected
Table hrm_emp_leave_td not deleted Successfully No database selected
Table hrm_emp_leave_td1 not deleted Successfully No database selected
Table hrm_emp_login_tb not deleted Successfully No database selected
Table hrm_emp_official_info_tb not deleted Successfully No database selected
Table hrm_emp_personal_bank_detail_tb not deleted Successfully No database selected
Table hrm_emp_personal_details_td not deleted Successfully No database selected
Table hrm_emp_probation_tb not deleted Successfully No database selected
Table hrm_emp_reliving_info not deleted Successfully No database selected
Table hrm_emp_reporting_td not deleted Successfully No database selected
Table hrm_emp_shop_addcart not deleted Successfully No database selected
Table hrm_emp_shop_product not deleted Successfully No database selected
Table hrm_emp_status_map_td not deleted Successfully No database selected
Table hrm_emp_timesheet not deleted Successfully No database selected
Table hrm_eventsnewletter_tb not deleted Successfully No database selected
Table hrm_expuploadmap_td not deleted Successfully No database selected
Table hrm_group_privilege_td not deleted Successfully No database selected
Table hrm_holiday_list_td not deleted Successfully No database selected
Table hrm_interview_process_td not deleted Successfully No database selected
Table hrm_leave_type_rule not deleted Successfully No database selected
Table hrm_leave_type_tb not deleted Successfully No database selected
Table hrm_notification_setting_tb not deleted Successfully No database selected
Table hrm_notification_tb not deleted Successfully No database selected
Table hrm_payroll_td not deleted Successfully No database selected
Table hrm_personal_meta_td not deleted Successfully No database selected
Table hrm_post_job_td not deleted Successfully No database selected
Table hrm_privilege_map_td not deleted Successfully No database selected
Table hrm_privilege_td not deleted Successfully No database selected
Table hrm_project_map_tb not deleted Successfully No database selected
Table hrm_project_task_tb not deleted Successfully No database selected
Table hrm_project_tb not deleted Successfully No database selected
Table hrm_shift_map_td not deleted Successfully No database selected
Table hrm_shift_td not deleted Successfully No database selected
Table hrm_table_fields_td not deleted Successfully No database selected
Table organization_tree_tb not deleted Successfully No database selected
Table payroll_allowance_tb not deleted Successfully No database selected
Table payroll_deduction_tb not deleted Successfully No database selected
Table payroll_salary_tb not deleted Successfully No database selected
Table payroll_temp not deleted Successfully No database selected
Table performance_appraisal not deleted Successfully No database selected
Table performance_kpi not deleted Successfully No database selected
Table performance_review not deleted Successfully No database selected
Table religion_tb not deleted Successfully No database selected
Table state_tb1 not deleted Successfully No database selected
Table tree_parent_tb not deleted Successfully No database selected
