Table hrm_settings_tb Successfully
Table hrm_expense_history_process Successfully
Table hrm_expense_approvelist_process Successfully
Table hrm_emp_exp_td Successfully
Table emp_leave_type_td Successfully
Table events_tb Successfully
Table event_map_tb Successfully
Table hrm_applicant_history_process Successfully
Table hrm_applicant_td Successfully
Table hrm_client_tb Successfully
Table hrm_company_td Successfully
Table hrm_custom_msg Successfully
Table hrm_document_map_td Successfully
Table hrm_document_td Successfully
Table hrm_empdiscount_tb Successfully
Table hrm_employee_td Successfully
Table hrm_emp_checklist Successfully
Table hrm_emp_contact_td Successfully
Table hrm_emp_descriptionexp_td Successfully
Table hrm_emp_education_td Successfully
Table hrm_emp_experience_tb Successfully
Table hrm_emp_family_tb Successfully
Table hrm_emp_leave_bal_tb Successfully
Table hrm_emp_leave_td Successfully
Table hrm_emp_leave_td1 Successfully
Table hrm_emp_login_tb Successfully
Table hrm_emp_official_info_tb Successfully
Table hrm_emp_personal_bank_detail_tb Successfully
Table hrm_emp_personal_details_td Successfully
Table hrm_emp_probation_tb Successfully
Table hrm_emp_reliving_info Successfully
Table hrm_emp_reporting_td Successfully
Table hrm_emp_shop_addcart Successfully
Table hrm_emp_shop_product Successfully
Table hrm_emp_status_map_td Successfully
Table hrm_emp_timesheet Successfully
Table hrm_eventsnewletter_tb Successfully
Table hrm_expuploadmap_td Successfully
Table hrm_group_privilege_td Successfully
Table hrm_holiday_list_td Successfully
Table hrm_interview_process_td Successfully
Table hrm_leave_type_rule Successfully
Table hrm_leave_type_tb Successfully
Table hrm_notification_setting_tb Successfully
Table hrm_notification_tb Successfully
Table hrm_payroll_td Successfully
Table hrm_personal_meta_td Successfully
Table hrm_post_job_td Successfully
Table hrm_privilege_map_td Successfully
Table hrm_privilege_td Successfully
Table hrm_project_map_tb Successfully
Table hrm_project_task_tb Successfully
Table hrm_project_tb Successfully
Table hrm_shift_map_td Successfully
Table hrm_shift_td Successfully
Table hrm_table_fields_td Successfully
Table organization_tree_tb Successfully
Table payroll_allowance_tb Successfully
Table payroll_deduction_tb Successfully
Table payroll_salary_tb Successfully
Table payroll_temp Successfully
Table performance_appraisal Successfully
Table performance_kpi Successfully
Table performance_review Successfully
Table religion_tb Successfully
Table state_tb1 Successfully
Table tree_parent_tb Successfully
Table hrm_settings_tb Successfully
Table hrm_expense_history_process Successfully
Table hrm_expense_approvelist_process Successfully
Table hrm_emp_exp_td Successfully
Table emp_leave_type_td Successfully
Table events_tb Successfully
Table event_map_tb Successfully
Table hrm_applicant_history_process Successfully
Table hrm_applicant_td Successfully
Table hrm_client_tb Successfully
Table hrm_company_td Successfully
Table hrm_custom_msg Successfully
Table hrm_document_map_td Successfully
Table hrm_document_td Successfully
Table hrm_empdiscount_tb Successfully
Table hrm_employee_td Successfully
Table hrm_emp_checklist Successfully
Table hrm_emp_contact_td Successfully
Table hrm_emp_descriptionexp_td Successfully
Table hrm_emp_education_td Successfully
Table hrm_emp_experience_tb Successfully
Table hrm_emp_family_tb Successfully
Table hrm_emp_leave_bal_tb Successfully
Table hrm_emp_leave_td Successfully
Table hrm_emp_leave_td1 Successfully
Table hrm_emp_login_tb Successfully
Table hrm_emp_official_info_tb Successfully
Table hrm_emp_personal_bank_detail_tb Successfully
Table hrm_emp_personal_details_td Successfully
Table hrm_emp_probation_tb Successfully
Table hrm_emp_reliving_info Successfully
Table hrm_emp_reporting_td Successfully
Table hrm_emp_shop_addcart Successfully
Table hrm_emp_shop_product Successfully
Table hrm_emp_status_map_td Successfully
Table hrm_emp_timesheet Successfully
Table hrm_eventsnewletter_tb Successfully
Table hrm_expuploadmap_td Successfully
Table hrm_group_privilege_td Successfully
Table hrm_holiday_list_td Successfully
Table hrm_interview_process_td Successfully
Table hrm_leave_type_rule Successfully
Table hrm_leave_type_tb Successfully
Table hrm_notification_setting_tb Successfully
Table hrm_notification_tb Successfully
Table hrm_payroll_td Successfully
Table hrm_personal_meta_td Successfully
Table hrm_post_job_td Successfully
Table hrm_privilege_map_td Successfully
Table hrm_privilege_td Successfully
Table hrm_project_map_tb Successfully
Table hrm_project_task_tb Successfully
Table hrm_project_tb Successfully
Table hrm_shift_map_td Successfully
Table hrm_shift_td Successfully
Table hrm_table_fields_td Successfully
Table organization_tree_tb Successfully
Table payroll_allowance_tb Successfully
Table payroll_deduction_tb Successfully
Table payroll_salary_tb Successfully
Table payroll_temp Successfully
Table performance_appraisal Successfully
Table performance_kpi Successfully
Table performance_review Successfully
Table religion_tb Successfully
Table state_tb1 Successfully
Table tree_parent_tb Successfully
Table hrm_settings_tb Successfully
Table hrm_expense_history_process Successfully
Table hrm_expense_approvelist_process Successfully
Table hrm_emp_exp_td Successfully
Table emp_leave_type_td Successfully
Table events_tb Successfully
Table event_map_tb Successfully
Table hrm_applicant_history_process Successfully
Table hrm_applicant_td Successfully
Table hrm_client_tb Successfully
Table hrm_company_td Successfully
Table hrm_custom_msg Successfully
Table hrm_document_map_td Successfully
Table hrm_document_td Successfully
Table hrm_empdiscount_tb Successfully
Table hrm_emp_checklist Successfully
Table hrm_emp_contact_td Successfully
Table hrm_emp_descriptionexp_td Successfully
Table hrm_emp_education_td Successfully
Table hrm_emp_experience_tb Successfully
Table hrm_emp_family_tb Successfully
Table hrm_emp_leave_bal_tb Successfully
Table hrm_emp_leave_td Successfully
Table hrm_emp_leave_td1 Successfully
Table hrm_emp_official_info_tb Successfully
Table hrm_emp_personal_bank_detail_tb Successfully
Table hrm_emp_personal_details_td Successfully
Table hrm_emp_probation_tb Successfully
Table hrm_emp_reliving_info Successfully
Table hrm_emp_reporting_td Successfully
Table hrm_emp_shop_addcart Successfully
Table hrm_emp_shop_product Successfully
Table hrm_emp_status_map_td Successfully
Table hrm_emp_timesheet Successfully
Table hrm_eventsnewletter_tb Successfully
Table hrm_expuploadmap_td Successfully
Table hrm_group_privilege_td Successfully
Table hrm_holiday_list_td Successfully
Table hrm_interview_process_td Successfully
Table hrm_leave_type_rule Successfully
Table hrm_leave_type_tb Successfully
Table hrm_notification_setting_tb Successfully
Table hrm_notification_tb Successfully
Table hrm_payroll_td Successfully
Table hrm_personal_meta_td Successfully
Table hrm_post_job_td Successfully
Table hrm_privilege_map_td Successfully
Table hrm_privilege_td Successfully
Table hrm_project_map_tb Successfully
Table hrm_project_task_tb Successfully
Table hrm_project_tb Successfully
Table hrm_shift_map_td Successfully
Table hrm_shift_td Successfully
Table hrm_table_fields_td Successfully
Table organization_tree_tb Successfully
Table payroll_allowance_tb Successfully
Table payroll_deduction_tb Successfully
Table payroll_salary_tb Successfully
Table payroll_temp Successfully
Table performance_appraisal Successfully
Table performance_kpi Successfully
Table performance_review Successfully
Table religion_tb Successfully
Table state_tb1 Successfully
Table tree_parent_tb Successfully
