Sub Table 1 : hrm_settings_tb migrated Successfully
Sub Table 2 : hrm_expense_history_process migrated Successfully
Sub Table 3 : hrm_expense_approvelist_process migrated Successfully
Sub Table 4 : hrm_document_td migrated Successfully
Sub Table 5 : hrm_eventsnewletter_tb migrated Successfully
Sub Table 6 : event_map_tb migrated Successfully
Sub Table 7 : hrm_applicant_history_process migrated Successfully
Sub Table 8 : hrm_interview_process_td migrated Successfully
Sub Table 9 : hrm_emp_probation_tb migrated Successfully
Sub Table 10 : hrm_emp_reporting_td migrated Successfully
Sub Table 11 : hrm_emp_shop_addcart migrated Successfully
Sub Table 12 : hrm_emp_status_map_td migrated Successfully
Sub Table 13 : hrm_emp_leave_bal_tb migrated Successfully
Sub Table 14 : hrm_leave_type_rule migrated Successfully
Sub Table 15 : hrm_notification_tb migrated Successfully
Sub Table 16 : hrm_post_job_td migrated Successfully
Sub Table 17 : hrm_privilege_map_td migrated Successfully
Sub Table 18 : hrm_project_map_tb migrated Successfully
Sub Table 19 : hrm_project_task_tb migrated Successfully
Sub Table 20 : payroll_deduction_tb migrated Successfully
Sub Table 21 : payroll_allowance_tb migrated Successfully
Sub Table 22 : hrm_emp_reliving_info migrated Successfully
Sub Table 23 : payroll_temp migrated Successfully
Sub Table 24 : performance_appraisal migrated Successfully
Sub Table 25 : hrm_emp_login_tb migrated Successfully
Sub Table 26 : hrm_empdiscount_tb migrated Successfully
Sub Table 27 : hrm_personal_meta_td migrated Successfully
Sub Table 28 : hrm_emp_official_info_tb migrated Successfully
Sub Table 29 : hrm_emp_experience_tb migrated Successfully
Sub Table 30 : hrm_emp_education_td migrated Successfully
Sub Table 31 : hrm_emp_personal_bank_detail_tb migrated Successfully
Sub Table 32 : hrm_emp_personal_details_td migrated Successfully
Sub Table 33 : hrm_emp_family_tb migrated Successfully
Sub Table 34 : hrm_emp_contact_td migrated Successfully
Sub Table 1 : hrm_settings_tb migrated Successfully
Sub Table 2 : hrm_expense_history_process migrated Successfully
Sub Table 3 : hrm_expense_approvelist_process migrated Successfully
Sub Table 4 : hrm_document_td migrated Successfully
Sub Table 5 : hrm_eventsnewletter_tb migrated Successfully
Sub Table 6 : event_map_tb migrated Successfully
Sub Table 7 : hrm_applicant_history_process migrated Successfully
Sub Table 8 : hrm_interview_process_td migrated Successfully
Sub Table 9 : hrm_emp_probation_tb migrated Successfully
Sub Table 10 : hrm_emp_reporting_td migrated Successfully
Sub Table 11 : hrm_emp_shop_addcart migrated Successfully
Sub Table 12 : hrm_emp_status_map_td migrated Successfully
Sub Table 13 : hrm_emp_leave_bal_tb migrated Successfully
Sub Table 14 : hrm_leave_type_rule migrated Successfully
Sub Table 15 : hrm_notification_tb migrated Successfully
Sub Table 16 : hrm_post_job_td migrated Successfully
Sub Table 17 : hrm_privilege_map_td migrated Successfully
Sub Table 18 : hrm_project_map_tb migrated Successfully
Sub Table 19 : payroll_deduction_tb migrated Successfully
Sub Table 20 : payroll_allowance_tb migrated Successfully
Sub Table 21 : hrm_emp_reliving_info migrated Successfully
Sub Table 22 : payroll_temp migrated Successfully
Sub Table 23 : performance_appraisal migrated Successfully
Sub Table 24 : hrm_emp_login_tb migrated Successfully
Sub Table 25 : hrm_empdiscount_tb migrated Successfully
Sub Table 26 : hrm_personal_meta_td migrated Successfully
Sub Table 27 : hrm_emp_official_info_tb migrated Successfully
Sub Table 28 : hrm_emp_experience_tb migrated Successfully
Sub Table 29 : hrm_emp_education_td migrated Successfully
Sub Table 30 : hrm_emp_personal_bank_detail_tb migrated Successfully
Sub Table 31 : hrm_emp_personal_details_td migrated Successfully
Sub Table 32 : hrm_emp_family_tb migrated Successfully
Sub Table 33 : hrm_emp_contact_td migrated Successfully
Sub Table 1 : hrm_settings_tb migrated Successfully
Sub Table 2 : hrm_expense_history_process migrated Successfully
Sub Table 3 : hrm_expense_approvelist_process migrated Successfully
Sub Table 4 : hrm_document_td migrated Successfully
Sub Table 5 : hrm_eventsnewletter_tb migrated Successfully
Sub Table 6 : event_map_tb migrated Successfully
Sub Table 7 : hrm_applicant_history_process migrated Successfully
Sub Table 8 : hrm_interview_process_td migrated Successfully
Sub Table 9 : hrm_emp_probation_tb migrated Successfully
Sub Table 10 : hrm_emp_reporting_td migrated Successfully
Sub Table 11 : hrm_emp_shop_addcart migrated Successfully
Sub Table 12 : hrm_emp_status_map_td migrated Successfully
Sub Table 13 : hrm_emp_leave_bal_tb migrated Successfully
Sub Table 14 : hrm_leave_type_rule migrated Successfully
Sub Table 15 : hrm_notification_tb migrated Successfully
Sub Table 16 : hrm_post_job_td migrated Successfully
Sub Table 17 : hrm_privilege_map_td migrated Successfully
Sub Table 18 : hrm_project_map_tb migrated Successfully
Sub Table 19 : payroll_deduction_tb migrated Successfully
Sub Table 20 : payroll_allowance_tb migrated Successfully
Sub Table 21 : hrm_emp_reliving_info migrated Successfully
Sub Table 22 : payroll_temp migrated Successfully
Sub Table 23 : performance_appraisal migrated Successfully
Sub Table 24 : hrm_empdiscount_tb migrated Successfully
Sub Table 25 : hrm_personal_meta_td migrated Successfully
Sub Table 26 : hrm_emp_official_info_tb migrated Successfully
Sub Table 27 : hrm_emp_experience_tb migrated Successfully
Sub Table 28 : hrm_emp_education_td migrated Successfully
Sub Table 29 : hrm_emp_personal_bank_detail_tb migrated Successfully
Sub Table 30 : hrm_emp_personal_details_td migrated Successfully
Sub Table 31 : hrm_emp_family_tb migrated Successfully
Sub Table 32 : hrm_emp_contact_td migrated Successfully
