temp_integrasshrm_stage - Query5 :  not executed  Duplicate column name 'is_half_hour'
temp_integrasshrm_stage - Query6 :  not executed  Duplicate column name 'timesheet_doc'
temp_integrasshrm_stage - Query7 :  not executed  Duplicate column name 'leave_after_one'
temp_integrasshrm_stage - Query8 :  not executed  Duplicate column name 'leave_bal_year'
temp_integrasshrm_stage - Query9 :  not executed  Duplicate column name 'employee_id'
temp_integrasshrm_stage - Query10 :  not executed  Duplicate column name 'task_show'
temp_integrasshrm_stage - Query11 :  not executed  Duplicate column name 'is_common'
temp_integrasshrm_stage - Query12 :  not executed  Duplicate column name 'task_show'
temp_integrasshrm_stage - Query13 :  not executed  Unknown column ' designation_depth' in 'hrm_emp_designation_td'
temp_integrasshrm_stage - Query5 :  not executed  Duplicate column name 'is_half_hour'
temp_integrasshrm_stage - Query6 :  not executed  Duplicate column name 'timesheet_doc'
temp_integrasshrm_stage - Query7 :  not executed  Duplicate column name 'leave_after_one'
temp_integrasshrm_stage - Query8 :  not executed  Duplicate column name 'leave_bal_year'
temp_integrasshrm_stage - Query9 :  not executed  Duplicate column name 'employee_id'
temp_integrasshrm_stage - Query10 :  not executed  Duplicate column name 'task_show'
temp_integrasshrm_stage - Query11 :  not executed  Duplicate column name 'is_common'
temp_integrasshrm_stage - Query12 :  not executed  Duplicate column name 'task_show'
temp_integrasshrm_stage - Query13 :  not executed  Unknown column ' designation_depth' in 'hrm_emp_designation_td'
temp_integrasshrm_stage - Query5 :  not executed  Duplicate column name 'is_half_hour'
temp_integrasshrm_stage - Query6 :  not executed  Duplicate column name 'timesheet_doc'
temp_integrasshrm_stage - Query7 :  not executed  Duplicate column name 'leave_after_one'
temp_integrasshrm_stage - Query8 :  not executed  Duplicate column name 'leave_bal_year'
temp_integrasshrm_stage - Query9 :  not executed  Duplicate column name 'employee_id'
temp_integrasshrm_stage - Query10 :  not executed  Duplicate column name 'task_show'
temp_integrasshrm_stage - Query11 :  not executed  Duplicate column name 'is_common'
temp_integrasshrm_stage - Query12 :  not executed  Duplicate column name 'task_show'
temp_integrasshrm_stage - Query13 :  not executed  Unknown column ' designation_depth' in 'hrm_emp_designation_td'
temp_integrasshrm_stage - Query5 :  not executed  Duplicate column name 'is_half_hour'
temp_integrasshrm_stage - Query6 :  not executed  Duplicate column name 'timesheet_doc'
temp_integrasshrm_stage - Query7 :  not executed  Duplicate column name 'leave_after_one'
temp_integrasshrm_stage - Query8 :  not executed  Duplicate column name 'leave_bal_year'
temp_integrasshrm_stage - Query9 :  not executed  Duplicate column name 'employee_id'
temp_integrasshrm_stage - Query10 :  not executed  Duplicate column name 'task_show'
temp_integrasshrm_stage - Query11 :  not executed  Duplicate column name 'is_common'
temp_integrasshrm_stage - Query12 :  not executed  Duplicate column name 'task_show'
temp_integrasshrm_stage - Query13 :  not executed  Unknown column ' designation_depth' in 'hrm_emp_designation_td'
temp_integrasshrm_stage - Query1 :  not executed  Duplicate column name 'view_type'
temp_integrasshrm_stage - Query2 :  not executed  Duplicate column name 'marriage_date'
temp_integrasshrm_stage - Query3 :  not executed  Duplicate column name 'notification'
temp_integrasshrm_stage - Query4 :  not executed  Duplicate column name 'relocation'
temp_integrasshrm_stage - Query5 :  not executed  Duplicate column name 'is_half_hour'
temp_integrasshrm_stage - Query6 :  not executed  Duplicate column name 'timesheet_doc'
temp_integrasshrm_stage - Query7 :  not executed  Duplicate column name 'leave_after_one'
temp_integrasshrm_stage - Query8 :  not executed  Duplicate column name 'leave_bal_year'
temp_integrasshrm_stage - Query9 :  not executed  Duplicate column name 'employee_id'
temp_integrasshrm_stage - Query10 :  not executed  Duplicate column name 'task_show'
temp_integrasshrm_stage - Query11 :  not executed  Duplicate column name 'is_common'
temp_integrasshrm_stage - Query12 :  not executed  Duplicate column name 'task_show'
temp_integrasshrm_stage - Query13 :  not executed  Unknown column ' designation_depth' in 'hrm_emp_designation_td'
temp_integrasshrm_stage - Query14 :  not executed  Duplicate column name 'hrm_version'
temp_integrasshrm_stage - Query16 :  not executed  Duplicate column name 'type_leave'
