No. of Newly Added Count - 0
No. of Newly Added Count - 0
Sub Table 1 : hrm_settings_tb updated Successfully


Sub Table 2 : organization_tree_tb updated Successfully


Sub Table 3 : performance_kpi updated Successfully


Sub Table 4 : performance_review updated Successfully


Sub Table 1 : hrm_settings_tb updated Successfully


Sub Table 2 : organization_tree_tb updated Successfully


Sub Table 3 : performance_kpi updated Successfully


Sub Table 4 : performance_review updated Successfully


No. of Newly Added Count - 2
Sub Table 1 : hrm_settings_tb updated Successfully


Sub Table 2 : organization_tree_tb updated Successfully


Sub Table 3 : performance_kpi updated Successfully


Sub Table 4 : performance_review updated Successfully


Sub Table 1 : hrm_settings_tb updated Successfully


Sub Table 2 : organization_tree_tb updated Successfully


Sub Table 3 : performance_kpi updated Successfully


Sub Table 4 : performance_review updated Successfully


No. of Newly Added Count - 2
Sub Table 1 : hrm_settings_tb updated Successfully


Sub Table 2 : organization_tree_tb updated Successfully


Sub Table 3 : performance_kpi updated Successfully


Sub Table 4 : performance_review updated Successfully


Sub Table 1 : hrm_settings_tb updated Successfully


Sub Table 2 : organization_tree_tb updated Successfully


Sub Table 3 : performance_kpi updated Successfully


Sub Table 4 : performance_review updated Successfully


No. of Newly Added Count - 2
