Old Unique Id - 1
New Unique Id - 52 is successfully migrated to hrm_common_table
Old Unique Id - 2
New Unique Id - 53 is successfully migrated to hrm_common_table
Old Unique Id - 3
New Unique Id - 54 is successfully migrated to hrm_common_table
Old Unique Id - 4
New Unique Id - 55 is successfully migrated to hrm_common_table
Old Unique Id - 5
New Unique Id - 56 is successfully migrated to hrm_common_table
Old Unique Id - 6
New Unique Id - 57 is successfully migrated to hrm_common_table
Old Unique Id - 1 Unique Name - timesheet
Not Same - New Unique Id - 52 is successfully updated to hrm_common_table
Old Unique Id - 2 Unique Name - saturday
Not Same - New Unique Id - 53 is successfully updated to hrm_common_table
Old Unique Id - 3 Unique Name - saturday
Not Same - New Unique Id - 54 is successfully updated to hrm_common_table
Old Unique Id - 4 Unique Name - saturday
Not Same - New Unique Id - 55 is successfully updated to hrm_common_table
Old Unique Id - 5 Unique Name - saturday
Not Same - New Unique Id - 56 is successfully updated to hrm_common_table
Old Unique Id - 6 Unique Name - payrolldate
Not Same - New Unique Id - 57 is successfully updated to hrm_common_table
Old Unique Id - 1 Unique Name - timesheet
New Unique Id - 52 is successfully migrated to hrm_common_table
Old Unique Id - 2 Unique Name - saturday
New Unique Id - 53 is successfully migrated to hrm_common_table
Old Unique Id - 3 Unique Name - saturday
New Unique Id - 54 is successfully migrated to hrm_common_table
Old Unique Id - 4 Unique Name - saturday
New Unique Id - 55 is successfully migrated to hrm_common_table
Old Unique Id - 5 Unique Name - saturday
New Unique Id - 56 is successfully migrated to hrm_common_table
Old Unique Id - 6 Unique Name - payrolldate
New Unique Id - 57 is successfully migrated to hrm_common_table
