Sub Table 1 : hrm_emp_checklist updated Successfully


Sub Table 2 : hrm_emp_official_info_tb updated Successfully


Sub Table 3 : hrm_emp_education_td updated Successfully


Sub Table 4 : hrm_emp_personal_bank_detail_tb updated Successfully


Sub Table 5 : hrm_emp_personal_details_td updated Successfully


Sub Table 6 : hrm_emp_family_tb updated Successfully


Sub Table 7 : hrm_emp_contact_td updated Successfully


Sub Table 8 : hrm_emp_descriptionexp_td updated Successfully


Sub Table 9 : hrm_emp_experience_tb updated Successfully


Sub Table 10 : hrm_emp_exp_td updated Successfully


Sub Table 11 : hrm_emp_leave_bal_tb updated Successfully


Sub Table 12 : hrm_emp_login_tb updated Successfully


Sub Table 13 : hrm_emp_official_info_tb updated Successfully


Sub Table 14 : hrm_emp_reliving_info updated Successfully


Sub Table 15 : hrm_emp_shop_addcart updated Successfully


Sub Table 16 : hrm_emp_status_map_td updated Successfully


Sub Table 17 : hrm_emp_timesheet updated Successfully


Sub Table 18 : hrm_eventsnewletter_tb updated Successfully


Sub Table 19 : hrm_expense_approvelist_process updated Successfully


Sub Table 20 : hrm_expense_history_process updated Successfully


Sub Table 21 : hrm_notification_tb updated Successfully


Sub Table 22 : hrm_payroll_td updated Successfully


Sub Table 23 : hrm_personal_meta_td updated Successfully


Sub Table 24 : hrm_privilege_map_td updated Successfully


Sub Table 25 : hrm_project_map_tb updated Successfully


Sub Table 26 : hrm_project_tb updated Successfully


Sub Table 28 : organization_tree_tb updated Successfully


Sub Table 29 : payroll_salary_tb updated Successfully


Sub Table 30 : performance_review updated Successfully


Sub Table 31 : performance_review updated Successfully


Sub Table 32 : events_tb updated Successfully


Sub Table 33 : hrm_applicant_history_process updated Successfully


Sub Table 34 : hrm_custom_msg updated Successfully


Sub Table 1 : hrm_emp_checklist updated Successfully


Sub Table 2 : hrm_emp_official_info_tb updated Successfully


Sub Table 3 : hrm_emp_education_td updated Successfully


Sub Table 4 : hrm_emp_personal_bank_detail_tb updated Successfully


Sub Table 5 : hrm_emp_personal_details_td updated Successfully


Sub Table 6 : hrm_emp_family_tb updated Successfully


Sub Table 7 : hrm_emp_contact_td updated Successfully


Sub Table 8 : hrm_emp_descriptionexp_td updated Successfully


Sub Table 9 : hrm_emp_experience_tb updated Successfully


Sub Table 10 : hrm_emp_exp_td updated Successfully


Sub Table 11 : hrm_emp_leave_bal_tb updated Successfully


Sub Table 12 : hrm_emp_login_tb updated Successfully


Sub Table 13 : hrm_emp_official_info_tb updated Successfully


Sub Table 14 : hrm_emp_reliving_info updated Successfully


Sub Table 15 : hrm_emp_shop_addcart updated Successfully


Sub Table 16 : hrm_emp_status_map_td updated Successfully


Sub Table 17 : hrm_emp_timesheet updated Successfully


Sub Table 18 : hrm_eventsnewletter_tb updated Successfully


Sub Table 19 : hrm_expense_approvelist_process updated Successfully


Sub Table 20 : hrm_expense_history_process updated Successfully


Sub Table 21 : hrm_notification_tb updated Successfully


Sub Table 22 : hrm_payroll_td updated Successfully


Sub Table 23 : hrm_personal_meta_td updated Successfully


Sub Table 24 : hrm_privilege_map_td updated Successfully


Sub Table 25 : hrm_project_map_tb updated Successfully


Sub Table 26 : hrm_project_tb updated Successfully


Sub Table 28 : organization_tree_tb updated Successfully


Sub Table 29 : payroll_salary_tb updated Successfully


Sub Table 30 : performance_review updated Successfully


Sub Table 31 : performance_review updated Successfully


Sub Table 32 : events_tb updated Successfully


Sub Table 33 : hrm_applicant_history_process updated Successfully


Sub Table 34 : hrm_custom_msg updated Successfully


Sub Table 1 : hrm_emp_checklist updated Successfully


Sub Table 2 : hrm_emp_official_info_tb updated Successfully


Sub Table 3 : hrm_emp_education_td updated Successfully


Sub Table 4 : hrm_emp_personal_bank_detail_tb updated Successfully


Sub Table 5 : hrm_emp_personal_details_td updated Successfully


Sub Table 6 : hrm_emp_family_tb updated Successfully


Sub Table 7 : hrm_emp_contact_td updated Successfully


Sub Table 8 : hrm_emp_descriptionexp_td updated Successfully


Sub Table 9 : hrm_emp_experience_tb updated Successfully


Sub Table 10 : hrm_emp_exp_td updated Successfully


Sub Table 11 : hrm_emp_leave_bal_tb updated Successfully


Sub Table 12 : hrm_emp_login_tb updated Successfully


Sub Table 13 : hrm_emp_official_info_tb updated Successfully


Sub Table 14 : hrm_emp_reliving_info updated Successfully


Sub Table 15 : hrm_emp_shop_addcart updated Successfully


Sub Table 16 : hrm_emp_status_map_td updated Successfully


Sub Table 17 : hrm_emp_timesheet updated Successfully


Sub Table 18 : hrm_eventsnewletter_tb updated Successfully


Sub Table 19 : hrm_expense_approvelist_process updated Successfully


Sub Table 20 : hrm_expense_history_process updated Successfully


Sub Table 21 : hrm_notification_tb updated Successfully


Sub Table 22 : hrm_payroll_td updated Successfully


Sub Table 23 : hrm_personal_meta_td updated Successfully


Sub Table 24 : hrm_privilege_map_td updated Successfully


Sub Table 25 : hrm_project_map_tb updated Successfully


Sub Table 26 : hrm_project_tb updated Successfully


Sub Table 28 : organization_tree_tb updated Successfully


Sub Table 29 : payroll_salary_tb updated Successfully


Sub Table 30 : performance_review updated Successfully


Sub Table 31 : performance_review updated Successfully


Sub Table 32 : events_tb updated Successfully


Sub Table 33 : hrm_applicant_history_process updated Successfully


Sub Table 34 : hrm_custom_msg updated Successfully


Sub Table 1 : hrm_emp_checklist updated Successfully


Sub Table 2 : hrm_emp_official_info_tb updated Successfully


Sub Table 3 : hrm_emp_education_td updated Successfully


Sub Table 4 : hrm_emp_personal_bank_detail_tb updated Successfully


Sub Table 5 : hrm_emp_personal_details_td updated Successfully


Sub Table 6 : hrm_emp_family_tb updated Successfully


Sub Table 7 : hrm_emp_contact_td updated Successfully


Sub Table 8 : hrm_emp_descriptionexp_td updated Successfully


Sub Table 9 : hrm_emp_experience_tb updated Successfully


Sub Table 10 : hrm_emp_exp_td updated Successfully


Sub Table 11 : hrm_emp_leave_bal_tb updated Successfully


Sub Table 12 : hrm_emp_login_tb updated Successfully


Sub Table 13 : hrm_emp_official_info_tb updated Successfully


Sub Table 14 : hrm_emp_reliving_info updated Successfully


Sub Table 15 : hrm_emp_shop_addcart updated Successfully


Sub Table 16 : hrm_emp_status_map_td updated Successfully


Sub Table 17 : hrm_emp_timesheet updated Successfully


Sub Table 18 : hrm_eventsnewletter_tb updated Successfully


Sub Table 19 : hrm_expense_approvelist_process updated Successfully


Sub Table 20 : hrm_expense_history_process updated Successfully


Sub Table 21 : hrm_notification_tb updated Successfully


Sub Table 22 : hrm_payroll_td updated Successfully


Sub Table 23 : hrm_personal_meta_td updated Successfully


Sub Table 24 : hrm_privilege_map_td updated Successfully


Sub Table 25 : hrm_project_map_tb updated Successfully


Sub Table 26 : hrm_project_tb updated Successfully


Sub Table 28 : organization_tree_tb updated Successfully


Sub Table 29 : payroll_salary_tb updated Successfully


Sub Table 30 : performance_review updated Successfully


Sub Table 31 : performance_review updated Successfully


Sub Table 32 : events_tb updated Successfully


Sub Table 33 : hrm_applicant_history_process updated Successfully


Sub Table 34 : hrm_custom_msg updated Successfully


Sub Table 1 : hrm_emp_checklist updated Successfully


Sub Table 2 : hrm_emp_official_info_tb updated Successfully


Sub Table 3 : hrm_emp_education_td updated Successfully


Sub Table 4 : hrm_emp_personal_bank_detail_tb updated Successfully


Sub Table 5 : hrm_emp_personal_details_td updated Successfully


Sub Table 6 : hrm_emp_family_tb updated Successfully


Sub Table 7 : hrm_emp_contact_td updated Successfully


Sub Table 8 : hrm_emp_descriptionexp_td updated Successfully


Sub Table 9 : hrm_emp_experience_tb updated Successfully


Sub Table 10 : hrm_emp_exp_td updated Successfully


Sub Table 11 : hrm_emp_leave_bal_tb updated Successfully


Sub Table 12 : hrm_emp_login_tb updated Successfully


Sub Table 13 : hrm_emp_official_info_tb updated Successfully


Sub Table 14 : hrm_emp_reliving_info updated Successfully


Sub Table 15 : hrm_emp_shop_addcart updated Successfully


Sub Table 16 : hrm_emp_status_map_td updated Successfully


Sub Table 17 : hrm_emp_timesheet updated Successfully


Sub Table 18 : hrm_eventsnewletter_tb updated Successfully


Sub Table 19 : hrm_expense_approvelist_process updated Successfully


Sub Table 20 : hrm_expense_history_process updated Successfully


Sub Table 21 : hrm_notification_tb updated Successfully


Sub Table 22 : hrm_payroll_td updated Successfully


Sub Table 23 : hrm_personal_meta_td updated Successfully


Sub Table 24 : hrm_privilege_map_td updated Successfully


Sub Table 25 : hrm_project_map_tb updated Successfully


Sub Table 26 : hrm_project_tb updated Successfully


Sub Table 28 : organization_tree_tb updated Successfully


Sub Table 29 : payroll_salary_tb updated Successfully


Sub Table 30 : performance_review updated Successfully


Sub Table 31 : performance_review updated Successfully


Sub Table 32 : events_tb updated Successfully


Sub Table 33 : hrm_applicant_history_process updated Successfully


Sub Table 34 : hrm_custom_msg updated Successfully


Sub Table 1 : hrm_emp_checklist updated Successfully


Sub Table 2 : hrm_emp_official_info_tb updated Successfully


Sub Table 3 : hrm_emp_education_td updated Successfully


Sub Table 4 : hrm_emp_personal_bank_detail_tb updated Successfully


Sub Table 5 : hrm_emp_personal_details_td updated Successfully


Sub Table 6 : hrm_emp_family_tb updated Successfully


Sub Table 7 : hrm_emp_contact_td updated Successfully


Sub Table 8 : hrm_emp_descriptionexp_td updated Successfully


Sub Table 9 : hrm_emp_experience_tb updated Successfully


Sub Table 10 : hrm_emp_exp_td updated Successfully


Sub Table 11 : hrm_emp_leave_bal_tb updated Successfully


Sub Table 12 : hrm_emp_login_tb updated Successfully


Sub Table 13 : hrm_emp_official_info_tb updated Successfully


Sub Table 14 : hrm_emp_reliving_info updated Successfully


Sub Table 15 : hrm_emp_shop_addcart updated Successfully


Sub Table 16 : hrm_emp_status_map_td updated Successfully


Sub Table 17 : hrm_emp_timesheet updated Successfully


Sub Table 18 : hrm_eventsnewletter_tb updated Successfully


Sub Table 19 : hrm_expense_approvelist_process updated Successfully


Sub Table 20 : hrm_expense_history_process updated Successfully


Sub Table 21 : hrm_notification_tb updated Successfully


Sub Table 22 : hrm_payroll_td updated Successfully


Sub Table 23 : hrm_personal_meta_td updated Successfully


Sub Table 24 : hrm_privilege_map_td updated Successfully


Sub Table 25 : hrm_project_map_tb updated Successfully


Sub Table 26 : hrm_project_tb updated Successfully


Sub Table 28 : organization_tree_tb updated Successfully


Sub Table 29 : payroll_salary_tb updated Successfully


Sub Table 30 : performance_review updated Successfully


Sub Table 31 : performance_review updated Successfully


Sub Table 32 : events_tb updated Successfully


Sub Table 33 : hrm_applicant_history_process updated Successfully


Sub Table 34 : hrm_custom_msg updated Successfully


Sub Table 1 : hrm_emp_checklist updated Successfully


Sub Table 2 : hrm_emp_official_info_tb updated Successfully


Sub Table 3 : hrm_emp_education_td updated Successfully


Sub Table 4 : hrm_emp_personal_bank_detail_tb updated Successfully


Sub Table 5 : hrm_emp_personal_details_td updated Successfully


Sub Table 6 : hrm_emp_family_tb updated Successfully


Sub Table 7 : hrm_emp_contact_td updated Successfully


Sub Table 8 : hrm_emp_descriptionexp_td updated Successfully


Sub Table 9 : hrm_emp_experience_tb updated Successfully


Sub Table 10 : hrm_emp_exp_td updated Successfully


Sub Table 11 : hrm_emp_leave_bal_tb updated Successfully


Sub Table 12 : hrm_emp_login_tb updated Successfully


Sub Table 13 : hrm_emp_official_info_tb updated Successfully


Sub Table 14 : hrm_emp_reliving_info updated Successfully


Sub Table 15 : hrm_emp_shop_addcart updated Successfully


Sub Table 16 : hrm_emp_status_map_td updated Successfully


Sub Table 17 : hrm_emp_timesheet updated Successfully


Sub Table 18 : hrm_eventsnewletter_tb updated Successfully


Sub Table 19 : hrm_expense_approvelist_process updated Successfully


Sub Table 20 : hrm_expense_history_process updated Successfully


Sub Table 21 : hrm_notification_tb updated Successfully


Sub Table 22 : hrm_payroll_td updated Successfully


Sub Table 23 : hrm_personal_meta_td updated Successfully


Sub Table 24 : hrm_privilege_map_td updated Successfully


Sub Table 25 : hrm_project_map_tb updated Successfully


Sub Table 26 : hrm_project_tb updated Successfully


Sub Table 27 : hrm_settings_tb updated Successfully


Sub Table 28 : organization_tree_tb updated Successfully


Sub Table 29 : payroll_salary_tb updated Successfully


Sub Table 30 : performance_review updated Successfully


Sub Table 31 : performance_review updated Successfully


Sub Table 32 : events_tb updated Successfully


Sub Table 33 : hrm_applicant_history_process updated Successfully


Sub Table 34 : hrm_custom_msg updated Successfully


Sub Table 1 : hrm_emp_checklist updated Successfully


Sub Table 2 : hrm_emp_official_info_tb updated Successfully


Sub Table 3 : hrm_emp_education_td updated Successfully


Sub Table 4 : hrm_emp_personal_bank_detail_tb updated Successfully


Sub Table 5 : hrm_emp_personal_details_td updated Successfully


Sub Table 6 : hrm_emp_family_tb updated Successfully


Sub Table 7 : hrm_emp_contact_td updated Successfully


Sub Table 8 : hrm_emp_descriptionexp_td updated Successfully


Sub Table 9 : hrm_emp_experience_tb updated Successfully


Sub Table 10 : hrm_emp_exp_td updated Successfully


Sub Table 11 : hrm_emp_leave_bal_tb updated Successfully


Sub Table 12 : hrm_emp_login_tb updated Successfully


Sub Table 13 : hrm_emp_official_info_tb updated Successfully


Sub Table 14 : hrm_emp_reliving_info updated Successfully


Sub Table 15 : hrm_emp_shop_addcart updated Successfully


Sub Table 16 : hrm_emp_status_map_td updated Successfully


Sub Table 17 : hrm_emp_timesheet updated Successfully


Sub Table 18 : hrm_eventsnewletter_tb updated Successfully


Sub Table 19 : hrm_expense_approvelist_process updated Successfully


Sub Table 20 : hrm_expense_history_process updated Successfully


Sub Table 21 : hrm_notification_tb updated Successfully


Sub Table 22 : hrm_payroll_td updated Successfully


Sub Table 23 : hrm_personal_meta_td updated Successfully


Sub Table 24 : hrm_privilege_map_td updated Successfully


Sub Table 25 : hrm_project_map_tb updated Successfully


Sub Table 26 : hrm_project_tb updated Successfully


Sub Table 27 : hrm_settings_tb updated Successfully


Sub Table 28 : organization_tree_tb updated Successfully


Sub Table 29 : payroll_salary_tb updated Successfully


Sub Table 30 : performance_review updated Successfully


Sub Table 31 : performance_review updated Successfully


Sub Table 32 : events_tb updated Successfully


Sub Table 33 : hrm_applicant_history_process updated Successfully


Sub Table 34 : hrm_custom_msg updated Successfully


Sub Table 1 : hrm_emp_checklist updated Successfully


Sub Table 2 : hrm_emp_official_info_tb updated Successfully


Sub Table 3 : hrm_emp_education_td updated Successfully


Sub Table 4 : hrm_emp_personal_bank_detail_tb updated Successfully


Sub Table 5 : hrm_emp_personal_details_td updated Successfully


Sub Table 6 : hrm_emp_family_tb updated Successfully


Sub Table 7 : hrm_emp_contact_td updated Successfully


Sub Table 8 : hrm_emp_descriptionexp_td updated Successfully


Sub Table 9 : hrm_emp_experience_tb updated Successfully


Sub Table 10 : hrm_emp_exp_td updated Successfully


Sub Table 11 : hrm_emp_leave_bal_tb updated Successfully


Sub Table 12 : hrm_emp_login_tb updated Successfully


Sub Table 13 : hrm_emp_official_info_tb updated Successfully


Sub Table 14 : hrm_emp_reliving_info updated Successfully


Sub Table 15 : hrm_emp_shop_addcart updated Successfully


Sub Table 16 : hrm_emp_status_map_td updated Successfully


Sub Table 17 : hrm_emp_timesheet updated Successfully


Sub Table 18 : hrm_eventsnewletter_tb updated Successfully


Sub Table 19 : hrm_expense_approvelist_process updated Successfully


Sub Table 20 : hrm_expense_history_process updated Successfully


Sub Table 21 : hrm_notification_tb updated Successfully


Sub Table 22 : hrm_payroll_td updated Successfully


Sub Table 23 : hrm_personal_meta_td updated Successfully


Sub Table 24 : hrm_privilege_map_td updated Successfully


Sub Table 25 : hrm_project_map_tb updated Successfully


Sub Table 26 : hrm_project_tb updated Successfully


Sub Table 27 : hrm_settings_tb updated Successfully


Sub Table 28 : organization_tree_tb updated Successfully


Sub Table 29 : payroll_salary_tb updated Successfully


Sub Table 30 : performance_review updated Successfully


Sub Table 31 : performance_review updated Successfully


Sub Table 32 : events_tb updated Successfully


Sub Table 33 : hrm_applicant_history_process updated Successfully


Sub Table 34 : hrm_custom_msg updated Successfully


Sub Table 1 : hrm_emp_checklist updated Successfully


Sub Table 2 : hrm_emp_official_info_tb updated Successfully


Sub Table 3 : hrm_emp_education_td updated Successfully


Sub Table 4 : hrm_emp_personal_bank_detail_tb updated Successfully


Sub Table 5 : hrm_emp_personal_details_td updated Successfully


Sub Table 6 : hrm_emp_family_tb updated Successfully


Sub Table 7 : hrm_emp_contact_td updated Successfully


Sub Table 8 : hrm_emp_descriptionexp_td updated Successfully


Sub Table 9 : hrm_emp_experience_tb updated Successfully


Sub Table 10 : hrm_emp_exp_td updated Successfully


Sub Table 11 : hrm_emp_leave_bal_tb updated Successfully


Sub Table 12 : hrm_emp_login_tb updated Successfully


Sub Table 13 : hrm_emp_official_info_tb updated Successfully


Sub Table 14 : hrm_emp_reliving_info updated Successfully


Sub Table 15 : hrm_emp_shop_addcart updated Successfully


Sub Table 16 : hrm_emp_status_map_td updated Successfully


Sub Table 17 : hrm_emp_timesheet updated Successfully


Sub Table 18 : hrm_eventsnewletter_tb updated Successfully


Sub Table 19 : hrm_expense_approvelist_process updated Successfully


Sub Table 20 : hrm_expense_history_process updated Successfully


Sub Table 21 : hrm_notification_tb updated Successfully


Sub Table 22 : hrm_payroll_td updated Successfully


Sub Table 23 : hrm_personal_meta_td updated Successfully


Sub Table 24 : hrm_privilege_map_td updated Successfully


Sub Table 25 : hrm_project_map_tb updated Successfully


Sub Table 26 : hrm_project_tb updated Successfully


Sub Table 27 : hrm_settings_tb updated Successfully


Sub Table 28 : organization_tree_tb updated Successfully


Sub Table 29 : payroll_salary_tb updated Successfully


Sub Table 30 : performance_review updated Successfully


Sub Table 31 : performance_review updated Successfully


Sub Table 32 : events_tb updated Successfully


Sub Table 33 : hrm_applicant_history_process updated Successfully


Sub Table 34 : hrm_custom_msg updated Successfully


Sub Table 1 : hrm_emp_checklist updated Successfully


Sub Table 2 : hrm_emp_official_info_tb updated Successfully


Sub Table 3 : hrm_emp_education_td updated Successfully


Sub Table 4 : hrm_emp_personal_bank_detail_tb updated Successfully


Sub Table 5 : hrm_emp_personal_details_td updated Successfully


Sub Table 6 : hrm_emp_family_tb updated Successfully


Sub Table 7 : hrm_emp_contact_td updated Successfully


Sub Table 8 : hrm_emp_descriptionexp_td updated Successfully


Sub Table 9 : hrm_emp_experience_tb updated Successfully


Sub Table 10 : hrm_emp_exp_td updated Successfully


Sub Table 11 : hrm_emp_leave_bal_tb updated Successfully


Sub Table 12 : hrm_emp_login_tb updated Successfully


Sub Table 13 : hrm_emp_official_info_tb updated Successfully


Sub Table 14 : hrm_emp_reliving_info updated Successfully


Sub Table 15 : hrm_emp_shop_addcart updated Successfully


Sub Table 16 : hrm_emp_status_map_td updated Successfully


Sub Table 17 : hrm_emp_timesheet updated Successfully


Sub Table 18 : hrm_eventsnewletter_tb updated Successfully


Sub Table 19 : hrm_expense_approvelist_process updated Successfully


Sub Table 20 : hrm_expense_history_process updated Successfully


Sub Table 21 : hrm_notification_tb updated Successfully


Sub Table 22 : hrm_payroll_td updated Successfully


Sub Table 23 : hrm_personal_meta_td updated Successfully


Sub Table 24 : hrm_privilege_map_td updated Successfully


Sub Table 25 : hrm_project_map_tb updated Successfully


Sub Table 26 : hrm_project_tb updated Successfully


Sub Table 27 : hrm_settings_tb updated Successfully


Sub Table 28 : organization_tree_tb updated Successfully


Sub Table 29 : payroll_salary_tb updated Successfully


Sub Table 30 : performance_review updated Successfully


Sub Table 31 : performance_review updated Successfully


Sub Table 32 : events_tb updated Successfully


Sub Table 33 : hrm_applicant_history_process updated Successfully


Sub Table 34 : hrm_custom_msg updated Successfully


Sub Table 1 : hrm_emp_checklist updated Successfully


Sub Table 2 : hrm_emp_official_info_tb updated Successfully


Sub Table 3 : hrm_emp_education_td updated Successfully


Sub Table 4 : hrm_emp_personal_bank_detail_tb updated Successfully


Sub Table 5 : hrm_emp_personal_details_td updated Successfully


Sub Table 6 : hrm_emp_family_tb updated Successfully


Sub Table 7 : hrm_emp_contact_td updated Successfully


Sub Table 8 : hrm_emp_descriptionexp_td updated Successfully


Sub Table 9 : hrm_emp_experience_tb updated Successfully


Sub Table 10 : hrm_emp_exp_td updated Successfully


Sub Table 11 : hrm_emp_leave_bal_tb updated Successfully


Sub Table 12 : hrm_emp_login_tb updated Successfully


Sub Table 13 : hrm_emp_official_info_tb updated Successfully


Sub Table 14 : hrm_emp_reliving_info updated Successfully


Sub Table 15 : hrm_emp_shop_addcart updated Successfully


Sub Table 16 : hrm_emp_status_map_td updated Successfully


Sub Table 17 : hrm_emp_timesheet updated Successfully


Sub Table 18 : hrm_eventsnewletter_tb updated Successfully


Sub Table 19 : hrm_expense_approvelist_process updated Successfully


Sub Table 20 : hrm_expense_history_process updated Successfully


Sub Table 21 : hrm_notification_tb updated Successfully


Sub Table 22 : hrm_payroll_td updated Successfully


Sub Table 23 : hrm_personal_meta_td updated Successfully


Sub Table 24 : hrm_privilege_map_td updated Successfully


Sub Table 25 : hrm_project_map_tb updated Successfully


Sub Table 26 : hrm_project_tb updated Successfully


Sub Table 27 : hrm_settings_tb updated Successfully


Sub Table 28 : organization_tree_tb updated Successfully


Sub Table 29 : payroll_salary_tb updated Successfully


Sub Table 30 : performance_review updated Successfully


Sub Table 31 : performance_review updated Successfully


Sub Table 32 : events_tb updated Successfully


Sub Table 33 : hrm_applicant_history_process updated Successfully


Sub Table 34 : hrm_custom_msg updated Successfully


