Sub Table 1 : hrm_emp_designation_td not updated successfully You have an error in your SQL syntax; check the manual that corresponds to your MariaDB server version for the right syntax to use near '' at line 1
Sub Table 2 : hrm_emp_probation_tb not updated successfully You have an error in your SQL syntax; check the manual that corresponds to your MariaDB server version for the right syntax to use near '' at line 1
Sub Table 3 : hrm_emp_status_td not updated successfully You have an error in your SQL syntax; check the manual that corresponds to your MariaDB server version for the right syntax to use near '' at line 1
Sub Table 4 : hrm_emp_type_tb not updated successfully You have an error in your SQL syntax; check the manual that corresponds to your MariaDB server version for the right syntax to use near '' at line 1
Sub Table 5 : hrm_general_configure_td not updated successfully You have an error in your SQL syntax; check the manual that corresponds to your MariaDB server version for the right syntax to use near '' at line 1
Sub Table 6 : hrm_leave_type_tb not updated successfully You have an error in your SQL syntax; check the manual that corresponds to your MariaDB server version for the right syntax to use near '' at line 1
Sub Table 7 : hrm_post_job_td not updated successfully You have an error in your SQL syntax; check the manual that corresponds to your MariaDB server version for the right syntax to use near '' at line 1
Sub Table 8 : hrm_privilege_td not updated successfully You have an error in your SQL syntax; check the manual that corresponds to your MariaDB server version for the right syntax to use near '' at line 1
Sub Table 9 : hrm_table_fields_td not updated successfully You have an error in your SQL syntax; check the manual that corresponds to your MariaDB server version for the right syntax to use near '' at line 1
Sub Table 10 : payroll_paygrade not updated successfully You have an error in your SQL syntax; check the manual that corresponds to your MariaDB server version for the right syntax to use near '' at line 1
Sub Table 11 : payroll_salary_tb not updated successfully You have an error in your SQL syntax; check the manual that corresponds to your MariaDB server version for the right syntax to use near '' at line 1
Sub Table 12 : payroll_temp not updated successfully You have an error in your SQL syntax; check the manual that corresponds to your MariaDB server version for the right syntax to use near '' at line 1
Sub Table 13 : performance_appraisal not updated successfully You have an error in your SQL syntax; check the manual that corresponds to your MariaDB server version for the right syntax to use near '' at line 1
Sub Table 14 : performance_kpi not updated successfully You have an error in your SQL syntax; check the manual that corresponds to your MariaDB server version for the right syntax to use near '' at line 1
Sub Table 15 : performance_review not updated successfully You have an error in your SQL syntax; check the manual that corresponds to your MariaDB server version for the right syntax to use near '' at line 1
Sub Table 16 : hrm_department_td not updated successfully You have an error in your SQL syntax; check the manual that corresponds to your MariaDB server version for the right syntax to use near '' at line 1
Sub Table 17 : hrm_department_td not updated successfully You have an error in your SQL syntax; check the manual that corresponds to your MariaDB server version for the right syntax to use near '' at line 1
Sub Table 1 : hrm_emp_designation_td not updated successfully You have an error in your SQL syntax; check the manual that corresponds to your MariaDB server version for the right syntax to use near '' at line 1
Sub Table 2 : hrm_emp_probation_tb not updated successfully You have an error in your SQL syntax; check the manual that corresponds to your MariaDB server version for the right syntax to use near '' at line 1
Sub Table 3 : hrm_emp_status_td not updated successfully You have an error in your SQL syntax; check the manual that corresponds to your MariaDB server version for the right syntax to use near '' at line 1
Sub Table 4 : hrm_emp_type_tb not updated successfully You have an error in your SQL syntax; check the manual that corresponds to your MariaDB server version for the right syntax to use near '' at line 1
Sub Table 5 : hrm_general_configure_td not updated successfully You have an error in your SQL syntax; check the manual that corresponds to your MariaDB server version for the right syntax to use near '' at line 1
Sub Table 6 : hrm_leave_type_tb not updated successfully You have an error in your SQL syntax; check the manual that corresponds to your MariaDB server version for the right syntax to use near '' at line 1
Sub Table 7 : hrm_post_job_td not updated successfully You have an error in your SQL syntax; check the manual that corresponds to your MariaDB server version for the right syntax to use near '' at line 1
Sub Table 8 : hrm_privilege_td not updated successfully You have an error in your SQL syntax; check the manual that corresponds to your MariaDB server version for the right syntax to use near '' at line 1
Sub Table 9 : hrm_table_fields_td not updated successfully You have an error in your SQL syntax; check the manual that corresponds to your MariaDB server version for the right syntax to use near '' at line 1
Sub Table 10 : payroll_paygrade not updated successfully You have an error in your SQL syntax; check the manual that corresponds to your MariaDB server version for the right syntax to use near '' at line 1
Sub Table 11 : payroll_salary_tb not updated successfully You have an error in your SQL syntax; check the manual that corresponds to your MariaDB server version for the right syntax to use near '' at line 1
Sub Table 12 : payroll_temp not updated successfully You have an error in your SQL syntax; check the manual that corresponds to your MariaDB server version for the right syntax to use near '' at line 1
Sub Table 13 : performance_appraisal not updated successfully You have an error in your SQL syntax; check the manual that corresponds to your MariaDB server version for the right syntax to use near '' at line 1
Sub Table 14 : performance_kpi not updated successfully You have an error in your SQL syntax; check the manual that corresponds to your MariaDB server version for the right syntax to use near '' at line 1
Sub Table 15 : performance_review not updated successfully You have an error in your SQL syntax; check the manual that corresponds to your MariaDB server version for the right syntax to use near '' at line 1
Sub Table 16 : hrm_department_td not updated successfully You have an error in your SQL syntax; check the manual that corresponds to your MariaDB server version for the right syntax to use near '' at line 1
Sub Table 17 : hrm_department_td not updated successfully You have an error in your SQL syntax; check the manual that corresponds to your MariaDB server version for the right syntax to use near '' at line 1
Sub Table 1 : hrm_emp_designation_td not updated successfully You have an error in your SQL syntax; check the manual that corresponds to your MariaDB server version for the right syntax to use near '' at line 1
Sub Table 2 : hrm_emp_probation_tb not updated successfully You have an error in your SQL syntax; check the manual that corresponds to your MariaDB server version for the right syntax to use near '' at line 1
Sub Table 3 : hrm_emp_status_td not updated successfully You have an error in your SQL syntax; check the manual that corresponds to your MariaDB server version for the right syntax to use near '' at line 1
Sub Table 4 : hrm_emp_type_tb not updated successfully You have an error in your SQL syntax; check the manual that corresponds to your MariaDB server version for the right syntax to use near '' at line 1
Sub Table 5 : hrm_general_configure_td not updated successfully You have an error in your SQL syntax; check the manual that corresponds to your MariaDB server version for the right syntax to use near '' at line 1
Sub Table 6 : hrm_leave_type_tb not updated successfully You have an error in your SQL syntax; check the manual that corresponds to your MariaDB server version for the right syntax to use near '' at line 1
Sub Table 7 : hrm_post_job_td not updated successfully You have an error in your SQL syntax; check the manual that corresponds to your MariaDB server version for the right syntax to use near '' at line 1
Sub Table 8 : hrm_privilege_td not updated successfully You have an error in your SQL syntax; check the manual that corresponds to your MariaDB server version for the right syntax to use near '' at line 1
Sub Table 9 : hrm_table_fields_td not updated successfully You have an error in your SQL syntax; check the manual that corresponds to your MariaDB server version for the right syntax to use near '' at line 1
Sub Table 10 : payroll_paygrade not updated successfully You have an error in your SQL syntax; check the manual that corresponds to your MariaDB server version for the right syntax to use near '' at line 1
Sub Table 11 : payroll_salary_tb not updated successfully You have an error in your SQL syntax; check the manual that corresponds to your MariaDB server version for the right syntax to use near '' at line 1
Sub Table 12 : payroll_temp not updated successfully You have an error in your SQL syntax; check the manual that corresponds to your MariaDB server version for the right syntax to use near '' at line 1
Sub Table 13 : performance_appraisal not updated successfully You have an error in your SQL syntax; check the manual that corresponds to your MariaDB server version for the right syntax to use near '' at line 1
Sub Table 14 : performance_kpi not updated successfully You have an error in your SQL syntax; check the manual that corresponds to your MariaDB server version for the right syntax to use near '' at line 1
Sub Table 15 : performance_review not updated successfully You have an error in your SQL syntax; check the manual that corresponds to your MariaDB server version for the right syntax to use near '' at line 1
Sub Table 16 : hrm_department_td not updated successfully You have an error in your SQL syntax; check the manual that corresponds to your MariaDB server version for the right syntax to use near '' at line 1
Sub Table 17 : hrm_department_td not updated successfully You have an error in your SQL syntax; check the manual that corresponds to your MariaDB server version for the right syntax to use near '' at line 1
Sub Table 1 : hrm_emp_designation_td not updated successfully You have an error in your SQL syntax; check the manual that corresponds to your MariaDB server version for the right syntax to use near '' at line 1
Sub Table 2 : hrm_emp_probation_tb not updated successfully You have an error in your SQL syntax; check the manual that corresponds to your MariaDB server version for the right syntax to use near '' at line 1
Sub Table 3 : hrm_emp_status_td not updated successfully You have an error in your SQL syntax; check the manual that corresponds to your MariaDB server version for the right syntax to use near '' at line 1
Sub Table 4 : hrm_emp_type_tb not updated successfully You have an error in your SQL syntax; check the manual that corresponds to your MariaDB server version for the right syntax to use near '' at line 1
Sub Table 5 : hrm_general_configure_td not updated successfully You have an error in your SQL syntax; check the manual that corresponds to your MariaDB server version for the right syntax to use near '' at line 1
Sub Table 6 : hrm_leave_type_tb not updated successfully You have an error in your SQL syntax; check the manual that corresponds to your MariaDB server version for the right syntax to use near '' at line 1
Sub Table 7 : hrm_post_job_td not updated successfully You have an error in your SQL syntax; check the manual that corresponds to your MariaDB server version for the right syntax to use near '' at line 1
Sub Table 8 : hrm_privilege_td not updated successfully You have an error in your SQL syntax; check the manual that corresponds to your MariaDB server version for the right syntax to use near '' at line 1
Sub Table 9 : hrm_table_fields_td not updated successfully You have an error in your SQL syntax; check the manual that corresponds to your MariaDB server version for the right syntax to use near '' at line 1
Sub Table 10 : payroll_paygrade not updated successfully You have an error in your SQL syntax; check the manual that corresponds to your MariaDB server version for the right syntax to use near '' at line 1
Sub Table 11 : payroll_salary_tb not updated successfully You have an error in your SQL syntax; check the manual that corresponds to your MariaDB server version for the right syntax to use near '' at line 1
Sub Table 12 : payroll_temp not updated successfully You have an error in your SQL syntax; check the manual that corresponds to your MariaDB server version for the right syntax to use near '' at line 1
Sub Table 13 : performance_appraisal not updated successfully You have an error in your SQL syntax; check the manual that corresponds to your MariaDB server version for the right syntax to use near '' at line 1
Sub Table 14 : performance_kpi not updated successfully You have an error in your SQL syntax; check the manual that corresponds to your MariaDB server version for the right syntax to use near '' at line 1
Sub Table 15 : performance_review not updated successfully You have an error in your SQL syntax; check the manual that corresponds to your MariaDB server version for the right syntax to use near '' at line 1
Sub Table 16 : hrm_department_td not updated successfully You have an error in your SQL syntax; check the manual that corresponds to your MariaDB server version for the right syntax to use near '' at line 1
Sub Table 17 : hrm_department_td not updated successfully You have an error in your SQL syntax; check the manual that corresponds to your MariaDB server version for the right syntax to use near '' at line 1
Sub Table 1 : hrm_emp_designation_td not updated successfully You have an error in your SQL syntax; check the manual that corresponds to your MariaDB server version for the right syntax to use near '' at line 1
Sub Table 2 : hrm_emp_probation_tb not updated successfully You have an error in your SQL syntax; check the manual that corresponds to your MariaDB server version for the right syntax to use near '' at line 1
Sub Table 3 : hrm_emp_status_td not updated successfully You have an error in your SQL syntax; check the manual that corresponds to your MariaDB server version for the right syntax to use near '' at line 1
Sub Table 4 : hrm_emp_type_tb not updated successfully You have an error in your SQL syntax; check the manual that corresponds to your MariaDB server version for the right syntax to use near '' at line 1
Sub Table 5 : hrm_general_configure_td not updated successfully You have an error in your SQL syntax; check the manual that corresponds to your MariaDB server version for the right syntax to use near '' at line 1
Sub Table 6 : hrm_leave_type_tb not updated successfully You have an error in your SQL syntax; check the manual that corresponds to your MariaDB server version for the right syntax to use near '' at line 1
Sub Table 7 : hrm_post_job_td not updated successfully You have an error in your SQL syntax; check the manual that corresponds to your MariaDB server version for the right syntax to use near '' at line 1
Sub Table 8 : hrm_privilege_td not updated successfully You have an error in your SQL syntax; check the manual that corresponds to your MariaDB server version for the right syntax to use near '' at line 1
Sub Table 9 : hrm_table_fields_td not updated successfully You have an error in your SQL syntax; check the manual that corresponds to your MariaDB server version for the right syntax to use near '' at line 1
Sub Table 10 : payroll_paygrade not updated successfully You have an error in your SQL syntax; check the manual that corresponds to your MariaDB server version for the right syntax to use near '' at line 1
Sub Table 11 : payroll_salary_tb not updated successfully You have an error in your SQL syntax; check the manual that corresponds to your MariaDB server version for the right syntax to use near '' at line 1
Sub Table 12 : payroll_temp not updated successfully You have an error in your SQL syntax; check the manual that corresponds to your MariaDB server version for the right syntax to use near '' at line 1
Sub Table 13 : performance_appraisal not updated successfully You have an error in your SQL syntax; check the manual that corresponds to your MariaDB server version for the right syntax to use near '' at line 1
Sub Table 14 : performance_kpi not updated successfully You have an error in your SQL syntax; check the manual that corresponds to your MariaDB server version for the right syntax to use near '' at line 1
Sub Table 15 : performance_review not updated successfully You have an error in your SQL syntax; check the manual that corresponds to your MariaDB server version for the right syntax to use near '' at line 1
Sub Table 16 : hrm_department_td not updated successfully You have an error in your SQL syntax; check the manual that corresponds to your MariaDB server version for the right syntax to use near '' at line 1
Sub Table 17 : hrm_department_td not updated successfully You have an error in your SQL syntax; check the manual that corresponds to your MariaDB server version for the right syntax to use near '' at line 1
Sub Table 1 : hrm_emp_designation_td not updated successfully You have an error in your SQL syntax; check the manual that corresponds to your MariaDB server version for the right syntax to use near '' at line 1
Sub Table 2 : hrm_emp_probation_tb not updated successfully You have an error in your SQL syntax; check the manual that corresponds to your MariaDB server version for the right syntax to use near '' at line 1
Sub Table 3 : hrm_emp_status_td not updated successfully You have an error in your SQL syntax; check the manual that corresponds to your MariaDB server version for the right syntax to use near '' at line 1
Sub Table 4 : hrm_emp_type_tb not updated successfully You have an error in your SQL syntax; check the manual that corresponds to your MariaDB server version for the right syntax to use near '' at line 1
Sub Table 5 : hrm_general_configure_td not updated successfully You have an error in your SQL syntax; check the manual that corresponds to your MariaDB server version for the right syntax to use near '' at line 1
Sub Table 6 : hrm_leave_type_tb not updated successfully You have an error in your SQL syntax; check the manual that corresponds to your MariaDB server version for the right syntax to use near '' at line 1
Sub Table 7 : hrm_post_job_td not updated successfully You have an error in your SQL syntax; check the manual that corresponds to your MariaDB server version for the right syntax to use near '' at line 1
Sub Table 8 : hrm_privilege_td not updated successfully You have an error in your SQL syntax; check the manual that corresponds to your MariaDB server version for the right syntax to use near '' at line 1
Sub Table 9 : hrm_table_fields_td not updated successfully You have an error in your SQL syntax; check the manual that corresponds to your MariaDB server version for the right syntax to use near '' at line 1
Sub Table 10 : payroll_paygrade not updated successfully You have an error in your SQL syntax; check the manual that corresponds to your MariaDB server version for the right syntax to use near '' at line 1
Sub Table 11 : payroll_salary_tb not updated successfully You have an error in your SQL syntax; check the manual that corresponds to your MariaDB server version for the right syntax to use near '' at line 1
Sub Table 12 : payroll_temp not updated successfully You have an error in your SQL syntax; check the manual that corresponds to your MariaDB server version for the right syntax to use near '' at line 1
Sub Table 13 : performance_appraisal not updated successfully You have an error in your SQL syntax; check the manual that corresponds to your MariaDB server version for the right syntax to use near '' at line 1
Sub Table 14 : performance_kpi not updated successfully You have an error in your SQL syntax; check the manual that corresponds to your MariaDB server version for the right syntax to use near '' at line 1
Sub Table 15 : performance_review not updated successfully You have an error in your SQL syntax; check the manual that corresponds to your MariaDB server version for the right syntax to use near '' at line 1
Sub Table 16 : hrm_department_td not updated successfully You have an error in your SQL syntax; check the manual that corresponds to your MariaDB server version for the right syntax to use near '' at line 1
Sub Table 17 : hrm_department_td not updated successfully You have an error in your SQL syntax; check the manual that corresponds to your MariaDB server version for the right syntax to use near '' at line 1
