INSERT INTO demo1final_fobesshrm.hrm_expense_history_process SELECT * from demo1_fobesshrm.hrm_expense_history_process
INSERT INTO demo1final_fobesshrm.hrm_expense_approvelist_process SELECT * from demo1_fobesshrm.hrm_expense_approvelist_process
INSERT INTO demo1final_fobesshrm.hrm_emp_exp_td SELECT * from demo1_fobesshrm.hrm_emp_exp_td
INSERT INTO demo1final_fobesshrm.emp_leave_type_td SELECT * from demo1_fobesshrm.emp_leave_type_td
INSERT INTO demo1final_fobesshrm.events_tb SELECT * from demo1_fobesshrm.events_tb
INSERT INTO demo1final_fobesshrm.event_map_tb SELECT * from demo1_fobesshrm.event_map_tb
INSERT INTO demo1final_fobesshrm.hrm_applicant_history_process SELECT * from demo1_fobesshrm.hrm_applicant_history_process
INSERT INTO demo1final_fobesshrm.hrm_applicant_td SELECT * from demo1_fobesshrm.hrm_applicant_td
INSERT INTO demo1final_fobesshrm.hrm_category_tb SELECT * from demo1_fobesshrm.hrm_category_tb
INSERT INTO demo1final_fobesshrm.hrm_client_tb SELECT * from demo1_fobesshrm.hrm_client_tb
INSERT INTO demo1final_fobesshrm.hrm_company_td SELECT * from demo1_fobesshrm.hrm_company_td
INSERT INTO demo1final_fobesshrm.hrm_custom_msg SELECT * from demo1_fobesshrm.hrm_custom_msg
INSERT INTO demo1final_fobesshrm.hrm_department_td SELECT * from demo1_fobesshrm.hrm_department_td
INSERT INTO demo1final_fobesshrm.hrm_document_map_td SELECT * from demo1_fobesshrm.hrm_document_map_td
INSERT INTO demo1final_fobesshrm.hrm_document_td SELECT * from demo1_fobesshrm.hrm_document_td
INSERT INTO demo1final_fobesshrm.hrm_empdiscount_tb SELECT * from demo1_fobesshrm.hrm_empdiscount_tb
INSERT INTO demo1final_fobesshrm.hrm_employee_td SELECT * from demo1_fobesshrm.hrm_employee_td
INSERT INTO demo1final_fobesshrm.hrm_emp_checklist SELECT * from demo1_fobesshrm.hrm_emp_checklist
INSERT INTO demo1final_fobesshrm.hrm_emp_contact_td SELECT * from demo1_fobesshrm.hrm_emp_contact_td
INSERT INTO demo1final_fobesshrm.hrm_emp_descriptionexp_td SELECT * from demo1_fobesshrm.hrm_emp_descriptionexp_td
INSERT INTO demo1final_fobesshrm.hrm_emp_designation_td SELECT * from demo1_fobesshrm.hrm_emp_designation_td
INSERT INTO demo1final_fobesshrm.hrm_emp_education_td SELECT * from demo1_fobesshrm.hrm_emp_education_td
INSERT INTO demo1final_fobesshrm.hrm_emp_experience_tb SELECT * from demo1_fobesshrm.hrm_emp_experience_tb
INSERT INTO demo1final_fobesshrm.hrm_emp_family_tb SELECT * from demo1_fobesshrm.hrm_emp_family_tb
INSERT INTO demo1final_fobesshrm.hrm_emp_leave_bal_tb SELECT * from demo1_fobesshrm.hrm_emp_leave_bal_tb
INSERT INTO demo1final_fobesshrm.hrm_emp_leave_td SELECT * from demo1_fobesshrm.hrm_emp_leave_td
INSERT INTO demo1final_fobesshrm.hrm_emp_leave_td1 SELECT * from demo1_fobesshrm.hrm_emp_leave_td1
INSERT INTO demo1final_fobesshrm.hrm_emp_login_tb SELECT * from demo1_fobesshrm.hrm_emp_login_tb
INSERT INTO demo1final_fobesshrm.hrm_emp_official_info_tb SELECT * from demo1_fobesshrm.hrm_emp_official_info_tb
INSERT INTO demo1final_fobesshrm.hrm_emp_personal_bank_detail_tb SELECT * from demo1_fobesshrm.hrm_emp_personal_bank_detail_tb
INSERT INTO demo1final_fobesshrm.hrm_emp_personal_details_td SELECT * from demo1_fobesshrm.hrm_emp_personal_details_td
INSERT INTO demo1final_fobesshrm.hrm_emp_probation_tb SELECT * from demo1_fobesshrm.hrm_emp_probation_tb
INSERT INTO demo1final_fobesshrm.hrm_emp_reliving_info SELECT * from demo1_fobesshrm.hrm_emp_reliving_info
INSERT INTO demo1final_fobesshrm.hrm_emp_reporting_td SELECT * from demo1_fobesshrm.hrm_emp_reporting_td
INSERT INTO demo1final_fobesshrm.hrm_emp_shop_addcart SELECT * from demo1_fobesshrm.hrm_emp_shop_addcart
INSERT INTO demo1final_fobesshrm.hrm_emp_shop_product SELECT * from demo1_fobesshrm.hrm_emp_shop_product
INSERT INTO demo1final_fobesshrm.hrm_emp_status_map_td SELECT * from demo1_fobesshrm.hrm_emp_status_map_td
INSERT INTO demo1final_fobesshrm.hrm_emp_status_td SELECT * from demo1_fobesshrm.hrm_emp_status_td
INSERT INTO demo1final_fobesshrm.hrm_emp_timesheet SELECT * from demo1_fobesshrm.hrm_emp_timesheet
INSERT INTO demo1final_fobesshrm.hrm_eventsnewletter_tb SELECT * from demo1_fobesshrm.hrm_eventsnewletter_tb
INSERT INTO demo1final_fobesshrm.hrm_expuploadmap_td SELECT * from demo1_fobesshrm.hrm_expuploadmap_td
INSERT INTO demo1final_fobesshrm.hrm_general_configure_td SELECT * from demo1_fobesshrm.hrm_general_configure_td
INSERT INTO demo1final_fobesshrm.hrm_group_privilege_td SELECT * from demo1_fobesshrm.hrm_group_privilege_td
INSERT INTO demo1final_fobesshrm.hrm_holiday_list_td SELECT * from demo1_fobesshrm.hrm_holiday_list_td
INSERT INTO demo1final_fobesshrm.hrm_interview_process_td SELECT * from demo1_fobesshrm.hrm_interview_process_td
INSERT INTO demo1final_fobesshrm.hrm_leave_type_rule SELECT * from demo1_fobesshrm.hrm_leave_type_rule
INSERT INTO demo1final_fobesshrm.hrm_leave_type_tb SELECT * from demo1_fobesshrm.hrm_leave_type_tb
INSERT INTO demo1final_fobesshrm.hrm_notification_setting_tb SELECT * from demo1_fobesshrm.hrm_notification_setting_tb
INSERT INTO demo1final_fobesshrm.hrm_notification_tb SELECT * from demo1_fobesshrm.hrm_notification_tb
INSERT INTO demo1final_fobesshrm.hrm_payroll_td SELECT * from demo1_fobesshrm.hrm_payroll_td
INSERT INTO demo1final_fobesshrm.hrm_personal_meta_td SELECT * from demo1_fobesshrm.hrm_personal_meta_td
INSERT INTO demo1final_fobesshrm.hrm_post_job_td SELECT * from demo1_fobesshrm.hrm_post_job_td
INSERT INTO demo1final_fobesshrm.hrm_privilege_map_td SELECT * from demo1_fobesshrm.hrm_privilege_map_td
INSERT INTO demo1final_fobesshrm.hrm_privilege_td SELECT * from demo1_fobesshrm.hrm_privilege_td
INSERT INTO demo1final_fobesshrm.hrm_project_map_tb SELECT * from demo1_fobesshrm.hrm_project_map_tb
INSERT INTO demo1final_fobesshrm.hrm_project_task_tb SELECT * from demo1_fobesshrm.hrm_project_task_tb
INSERT INTO demo1final_fobesshrm.hrm_project_tb SELECT * from demo1_fobesshrm.hrm_project_tb
INSERT INTO demo1final_fobesshrm.hrm_settings_tb SELECT * from demo1_fobesshrm.hrm_settings_tb
INSERT INTO demo1final_fobesshrm.hrm_shift_map_td SELECT * from demo1_fobesshrm.hrm_shift_map_td
INSERT INTO demo1final_fobesshrm.hrm_shift_td SELECT * from demo1_fobesshrm.hrm_shift_td
INSERT INTO demo1final_fobesshrm.hrm_table_fields_td SELECT * from demo1_fobesshrm.hrm_table_fields_td
INSERT INTO demo1final_fobesshrm.hrm_work_shifts SELECT * from demo1_fobesshrm.hrm_work_shifts
INSERT INTO demo1final_fobesshrm.organization_tree_tb SELECT * from demo1_fobesshrm.organization_tree_tb
INSERT INTO demo1final_fobesshrm.payroll_allowance_tb SELECT * from demo1_fobesshrm.payroll_allowance_tb
INSERT INTO demo1final_fobesshrm.payroll_deduction_tb SELECT * from demo1_fobesshrm.payroll_deduction_tb
INSERT INTO demo1final_fobesshrm.payroll_salary_tb SELECT * from demo1_fobesshrm.payroll_salary_tb
INSERT INTO demo1final_fobesshrm.payroll_temp SELECT * from demo1_fobesshrm.payroll_temp
INSERT INTO demo1final_fobesshrm.performance_appraisal SELECT * from demo1_fobesshrm.performance_appraisal
INSERT INTO demo1final_fobesshrm.performance_kpi SELECT * from demo1_fobesshrm.performance_kpi
INSERT INTO demo1final_fobesshrm.performance_review SELECT * from demo1_fobesshrm.performance_review
INSERT INTO demo1final_fobesshrm.religion_tb SELECT * from demo1_fobesshrm.religion_tb
INSERT INTO demo1final_fobesshrm.state_tb1 SELECT * from demo1_fobesshrm.state_tb1
INSERT INTO demo1final_fobesshrm.tree_parent_tb SELECT * from demo1_fobesshrm.tree_parent_tb
INSERT INTO demo1final_fobesshrm.hrm_setting_fields_tb SELECT * from demo1_fobesshrm.hrm_setting_fields_tb
INSERT INTO demo1final_fobesshrm.payroll_paygrade SELECT * from demo1_fobesshrm.payroll_paygrade
INSERT INTO demo1final_fobesshrm.hrm_emp_group_td SELECT * from demo1_fobesshrm.hrm_emp_group_td
INSERT INTO demo1final_fobesshrm.hrm_emp_type_tb SELECT * from demo1_fobesshrm.hrm_emp_type_tb
INSERT INTO demo1final_fobesshrm.hrm_group_fields_td SELECT * from demo1_fobesshrm.hrm_group_fields_td
INSERT INTO demo1final_fobesshrm.hrm_emp_grade_tb SELECT * from demo1_fobesshrm.hrm_emp_grade_tb
INSERT INTO demo1final_fobesshrm.hrm_common_table SELECT * from demo1_fobesshrm.hrm_common_table
INSERT INTO demo1final_fobesshrm.hrm_work_shifts SELECT * from demo1_fobesshrm.hrm_work_shifts
INSERT INTO demo1final_fobesshrm.hrm_emp_designation_td SELECT * from demo1_fobesshrm.hrm_emp_designation_td
INSERT INTO demo1final_fobesshrm.hrm_department_td SELECT * from demo1_fobesshrm.hrm_department_td
